11:23:31: Creating resource group General
11:23:31: Creating resource group Internal
11:23:31: Creating resource group Autodetect
11:23:31: SceneManagerFactory for type 'DefaultSceneManager' registered.
11:23:31: Registering ResourceManager for type Material
11:23:31: Registering ResourceManager for type Mesh
11:23:31: Registering ResourceManager for type Skeleton
11:23:31: MovableObjectFactory for type 'ParticleSystem' registered.
11:23:31: OverlayElementFactory for type Panel registered.
11:23:31: OverlayElementFactory for type BorderPanel registered.
11:23:31: OverlayElementFactory for type TextArea registered.
11:23:31: Registering ResourceManager for type Font
11:23:31: ArchiveFactory for archive type FileSystem registered.
11:23:31: ArchiveFactory for archive type Zip registered.
11:23:31: ArchiveFactory for archive type EmbeddedZip registered.
11:23:31: DDS codec registering
11:23:31: FreeImage version: 3.15.3
11:23:31: This program uses FreeImage, a free, open source image library supporting all common bitmap formats. See http://freeimage.sourceforge.net for details
11:23:31: Supported formats: bmp,ico,jpg,jif,jpeg,jpe,jng,koa,iff,lbm,mng,pbm,pbm,pcd,pcx,pgm,pgm,png,ppm,ppm,ras,tga,targa,tif,tiff,wap,wbmp,wbm,psd,cut,xbm,xpm,gif,hdr,g3,sgi,exr,j2k,j2c,jp2,pfm,pct,pict,pic,3fr,arw,bay,bmq,cap,cine,cr2,crw,cs1,dc2,dcr,drf,dsc,dng,erf,fff,ia,iiq,k25,kc2,kdc,mdc,mef,mos,mrw,nef,nrw,orf,pef,ptx,pxn,qtk,raf,raw,rdc,rw2,rwl,rwz,sr2,srf,srw,sti
11:23:31: Registering ResourceManager for type HighLevelGpuProgram
11:23:31: Registering ResourceManager for type Compositor
11:23:31: MovableObjectFactory for type 'Entity' registered.
11:23:31: MovableObjectFactory for type 'Light' registered.
11:23:31: MovableObjectFactory for type 'BillboardSet' registered.
11:23:31: MovableObjectFactory for type 'ManualObject' registered.
11:23:31: MovableObjectFactory for type 'BillboardChain' registered.
11:23:31: MovableObjectFactory for type 'RibbonTrail' registered.
11:23:31: Loading library .\RenderSystem_Direct3D9
11:23:31: Installing plugin: D3D9 RenderSystem
11:23:31: D3D9 : Direct3D9 Rendering Subsystem created.
11:23:32: D3D9: Driver Detection Starts
11:23:32: D3D9: Driver Detection Ends
11:23:32: Plugin successfully installed
11:23:32: Loading library .\RenderSystem_GL
11:23:32: Installing plugin: GL RenderSystem
11:23:32: OpenGL Rendering Subsystem created.
11:23:36: Plugin successfully installed
11:23:36: Loading library .\Plugin_ParticleFX
11:23:36: Installing plugin: ParticleFX
11:23:36: Particle Emitter Type 'Point' registered
11:23:36: Particle Emitter Type 'Box' registered
11:23:36: Particle Emitter Type 'Ellipsoid' registered
11:23:36: Particle Emitter Type 'Cylinder' registered
11:23:36: Particle Emitter Type 'Ring' registered
11:23:36: Particle Emitter Type 'HollowEllipsoid' registered
11:23:36: Particle Affector Type 'LinearForce' registered
11:23:36: Particle Affector Type 'ColourFader' registered
11:23:36: Particle Affector Type 'ColourFader2' registered
11:23:36: Particle Affector Type 'ColourImage' registered
11:23:36: Particle Affector Type 'ColourInterpolator' registered
11:23:36: Particle Affector Type 'Scaler' registered
11:23:36: Particle Affector Type 'Rotator' registered
11:23:36: Particle Affector Type 'DirectionRandomiser' registered
11:23:36: Particle Affector Type 'DeflectorPlane' registered
11:23:36: Plugin successfully installed
11:23:36: Loading library .\Plugin_BSPSceneManager
11:23:36: Installing plugin: BSP Scene Manager
11:23:36: Plugin successfully installed
11:23:36: Loading library .\Plugin_CgProgramManager
11:23:36: Installing plugin: Cg Program Manager
11:23:36: Plugin successfully installed
11:23:36: Loading library .\Plugin_PCZSceneManager
11:23:36: Installing plugin: Portal Connected Zone Scene Manager
11:23:36: PCZone Factory Type 'ZoneType_Default' registered
11:23:36: Plugin successfully installed
11:23:36: Loading library .\Plugin_OctreeZone
11:23:36: Installing plugin: Octree Zone Factory
11:23:36: Plugin successfully installed
11:23:36: Loading library .\Plugin_OctreeSceneManager
11:23:36: Installing plugin: Octree Scene Manager
11:23:36: Plugin successfully installed
11:23:36: *-*-* OGRE Initialising
11:23:36: *-*-* Version 1.8.1 (Byatis)
11:23:36: Creating resource group Essential
11:23:37: Added resource location 'D:/ogreSDK/ogre_src_v1-8-1/Samples/Media/thumbnails' of type 'FileSystem' to resource group 'Essential'
11:23:37: Added resource location 'D:/ogreSDK/ogre_src_v1-8-1/Samples/Media/packs/SdkTrays.zip' of type 'Zip' to resource group 'Essential'
11:23:37: Added resource location 'D:/ogreSDK/ogre_src_v1-8-1/Samples/Media/packs/profiler.zip' of type 'Zip' to resource group 'Essential'
11:23:37: Added resource location 'D:/ogreSDK/ogre_src_v1-8-1/Samples/Media' of type 'FileSystem' to resource group 'General'
11:23:37: Creating resource group Popular
11:23:37: Added resource location 'D:/ogreSDK/ogre_src_v1-8-1/Samples/Media/fonts' of type 'FileSystem' to resource group 'Popular'
11:23:37: Added resource location 'D:/ogreSDK/ogre_src_v1-8-1/Samples/Media/materials/programs' of type 'FileSystem' to resource group 'Popular'
11:23:37: Added resource location 'D:/ogreSDK/ogre_src_v1-8-1/Samples/Media/materials/scripts' of type 'FileSystem' to resource group 'Popular'
11:23:37: Added resource location 'D:/ogreSDK/ogre_src_v1-8-1/Samples/Media/materials/textures' of type 'FileSystem' to resource group 'Popular'
11:23:37: Added resource location 'D:/ogreSDK/ogre_src_v1-8-1/Samples/Media/materials/textures/nvidia' of type 'FileSystem' to resource group 'Popular'
11:23:37: Added resource location 'D:/ogreSDK/ogre_src_v1-8-1/Samples/Media/models' of type 'FileSystem' to resource group 'Popular'
11:23:37: Added resource location 'D:/ogreSDK/ogre_src_v1-8-1/Samples/Media/particle' of type 'FileSystem' to resource group 'Popular'
11:23:37: Added resource location 'D:/ogreSDK/ogre_src_v1-8-1/Samples/Media/DeferredShadingMedia' of type 'FileSystem' to resource group 'Popular'
11:23:37: Added resource location 'D:/ogreSDK/ogre_src_v1-8-1/Samples/Media/PCZAppMedia' of type 'FileSystem' to resource group 'Popular'
11:23:37: Added resource location 'D:/ogreSDK/ogre_src_v1-8-1/Samples/Media/RTShaderLib' of type 'FileSystem' to resource group 'Popular'
11:23:37: Added resource location 'D:/ogreSDK/ogre_src_v1-8-1/Samples/Media/RTShaderLib/materials' of type 'FileSystem' to resource group 'Popular'
11:23:37: Added resource location 'D:/ogreSDK/ogre_src_v1-8-1/Samples/Media/materials/scripts/SSAO' of type 'FileSystem' to resource group 'Popular'
11:23:37: Added resource location 'D:/ogreSDK/ogre_src_v1-8-1/Samples/Media/materials/textures/SSAO' of type 'FileSystem' to resource group 'Popular'
11:23:37: Added resource location 'D:/ogreSDK/ogre_src_v1-8-1/Samples/Media/packs/cubemap.zip' of type 'Zip' to resource group 'Popular'
11:23:37: Added resource location 'D:/ogreSDK/ogre_src_v1-8-1/Samples/Media/packs/cubemapsJS.zip' of type 'Zip' to resource group 'Popular'
11:23:37: Added resource location 'D:/ogreSDK/ogre_src_v1-8-1/Samples/Media/packs/dragon.zip' of type 'Zip' to resource group 'Popular'
11:23:37: Added resource location 'D:/ogreSDK/ogre_src_v1-8-1/Samples/Media/packs/fresneldemo.zip' of type 'Zip' to resource group 'Popular'
11:23:37: Added resource location 'D:/ogreSDK/ogre_src_v1-8-1/Samples/Media/packs/ogretestmap.zip' of type 'Zip' to resource group 'Popular'
11:23:37: Added resource location 'D:/ogreSDK/ogre_src_v1-8-1/Samples/Media/packs/ogredance.zip' of type 'Zip' to resource group 'Popular'
11:23:37: Added resource location 'D:/ogreSDK/ogre_src_v1-8-1/Samples/Media/packs/Sinbad.zip' of type 'Zip' to resource group 'Popular'
11:23:37: Added resource location 'D:/ogreSDK/ogre_src_v1-8-1/Samples/Media/packs/skybox.zip' of type 'Zip' to resource group 'Popular'
11:23:37: Creating resource group Tests
11:23:37: Added resource location 'D:/ogreSDK/ogre_src_v1-8-1/Samples/Media/../../Tests/Media' of type 'FileSystem' to resource group 'Tests'
11:23:37: D3D9 : RenderSystem Option: Allow NVPerfHUD = No
11:23:37: D3D9 : RenderSystem Option: FSAA = 0
11:23:37: D3D9 : RenderSystem Option: Fixed Pipeline Enabled = Yes
11:23:37: D3D9 : RenderSystem Option: Floating-point mode = Fastest
11:23:37: D3D9 : RenderSystem Option: Full Screen = No
11:23:37: D3D9 : RenderSystem Option: Multi device memory hint = Use minimum system memory
11:23:37: D3D9 : RenderSystem Option: Rendering Device = Monitor-1-ATI Radeon HD 3450 (Microsoft Corporation- WDDM v1.1)
11:23:37: D3D9 : RenderSystem Option: Resource Creation Policy = Create on all devices
11:23:37: D3D9 : RenderSystem Option: Use Multihead = Auto
11:23:37: D3D9 : RenderSystem Option: VSync = No
11:23:37: D3D9 : RenderSystem Option: VSync Interval = 1
11:23:37: D3D9 : RenderSystem Option: Video Mode = 800 x 600 @ 32-bit colour
11:23:37: D3D9 : RenderSystem Option: sRGB Gamma Conversion = No
11:23:37: Loading library RenderSystem_Direct3D9
11:23:37: Installing plugin: D3D9 RenderSystem
11:23:37: D3D9 : Direct3D9 Rendering Subsystem created.
11:23:37: D3D9: Driver Detection Starts
11:23:37: D3D9: Driver Detection Ends
11:23:37: Plugin successfully installed
11:23:37: D3D9 : RenderSystem Option: Full Screen = Yes
11:23:37: CPU Identifier & Features
11:23:37: -------------------------
11:23:37:  *   CPU ID: GenuineIntel: Pentium(R) Dual-Core  CPU      E5200  @ 2.50GHz
11:23:37:  *      SSE: yes
11:23:37:  *     SSE2: yes
11:23:37:  *     SSE3: yes
11:23:37:  *      MMX: yes
11:23:37:  *   MMXEXT: yes
11:23:37:  *    3DNOW: no
11:23:37:  * 3DNOWEXT: no
11:23:37:  *     CMOV: yes
11:23:37:  *      TSC: yes
11:23:37:  *      FPU: yes
11:23:37:  *      PRO: yes
11:23:37:  *       HT: no
11:23:37: -------------------------
11:23:37: D3D9 : Subsystem Initialising
11:23:37: Registering ResourceManager for type Texture
11:23:37: Registering ResourceManager for type GpuProgram
11:23:37: D3D9RenderSystem::_createRenderWindow "OGRE Render Window", 800x600 fullscreen  miscParams: FSAA=0 FSAAHint= colourDepth=32 gamma=false monitorIndex=0 useNVPerfHUD=false vsync=false vsyncInterval=1 
11:23:37: D3D9 : Created D3D9 Rendering Window 'OGRE Render Window' : 800x600, 32bpp
